<?xml version="1.0" encoding="UTF-8"?>
<testng-results ignored="0" total="1" passed="1" failed="0" skipped="0">
  <reporter-output>
  </reporter-output>
  <suite started-at="2022-01-04T14:35:48 CST" name="Default suite" finished-at="2022-01-04T14:35:55 CST" duration-ms="7044">
    <groups>
    </groups>
    <test started-at="2022-01-04T14:35:48 CST" name="Default test" finished-at="2022-01-04T14:35:55 CST" duration-ms="7044">
      <class name="com.cj.CJWholesale.App">
        <test-method signature="test1()[pri:0, instance:com.cj.CJWholesale.App@932bc4a]" started-at="2022-01-04T14:35:48 CST" name="test1" finished-at="2022-01-04T14:35:55 CST" duration-ms="7020" status="PASS">
          <reporter-output>
          </reporter-output>
        </test-method> <!-- test1 -->
      </class> <!-- com.cj.CJWholesale.App -->
    </test> <!-- Default test -->
  </suite> <!-- Default suite -->
</testng-results>
